
ROM used:   959/8192 (12%)
            959/8192 (12%) including unused fragments

            0.7 Average locations per line
            6.6 Average locations per statement

RAM used:   13/368 (4%) at main() level
            27/368 (7%) worst case

Stack used: 5 worst case (5 in main + 0 for interrupts)
Stack size: 8

Lines Stmts  %   Files
----- ----- ---  -----
  125    62  42  adc-qn.c
  809     0   0  C:\Program Files (x86)\PICC\Devices\16f887.h
  456    84  58  C:\Program Files (x86)\PICC\Drivers\lcd.c
----- -----
 1390   146 Total

Page ROM  %  RAM    Vol Diff  Functions:
---- --- --- ---    --- ----  ----------
0     20   2    1             @delay_ms1
0     14   1    0             @const708
 Inline         3    596  5.9  lcd_read_byte
0      6   1    0     59  4.2  lcd_read_nibble
0     13   1    1    179  3.3  lcd_send_nibble
0     64   7    3    460  4.7  lcd_send_byte
0     62   6    6    814  7.2  lcd_init
0     18   2    4    208  6.3  lcd_gotoxy
0     44   5    1    354  4.7  lcd_putc
0    269  28    2   1117  7.2  MAIN
0     29   3    2             @ITOF
0    202  21   14             @DIVFF
0     31   3    4             @SFTOI
0     21   2    3             @DIV88
0    109  11    0    638  3.8  HT_LCD
0     53   6    2             @PRINTF_U_736
 Inline         0             @cinit1

Program metrics:
    Functions               9
    Statements              146
    Comments                276
    Volume (V)              6700
    Difficulty (D)          44.8
    Effort to implement (E) 299875
    Time to implement (T)   4 hours, 38 minutes
    Est Delivered Bugs (B)  1
    Cyclomatic Complexity   18
    Maintainability (MI)    128

 Segment     Used  Free
-----------  ----  ----
00000-00003     4  0  
00004-007FF   955  1089  
00800-00FFF     0  2048  
01000-017FF     0  2048  
01800-01FFF     0  2048  



