
ROM used:   63/8192 (1%)
            63/8192 (1%) including unused fragments

            0.1 Average locations per line
            4.5 Average locations per statement

RAM used:   7/368 (2%) at main() level
            7/368 (2%) worst case

Stack used: 0 worst case (0 in main + 0 for interrupts)
Stack size: 8

Lines Stmts  %   Files
----- ----- ---  -----
   29    14 100  cau4_pre.c
  809     0   0  C:\Program Files (x86)\PICC\Devices\16f887.h
----- -----
  838    14 Total

Page ROM  %  RAM    Vol Diff  Functions:
---- --- --- ---    --- ----  ----------
0     59  94    1    295  5.1  main
 Inline         0    638  3.8  @cinit1

Program metrics:
    Functions               2
    Statements              14
    Comments                138
    Volume (V)              1087
    Difficulty (D)          8.9
    Effort to implement (E) 9652
    Time to implement (T)   9 minutes
    Est Delivered Bugs (B)  0
    Cyclomatic Complexity   7
    Maintainability (MI)    121

 Segment     Used  Free
-----------  ----  ----
00000-00003     4  0  
00004-007FF    59  1985  
00800-00FFF     0  2048  
01000-017FF     0  2048  
01800-01FFF     0  2048  



