
ROM used:   311/8192 (4%)
            311/8192 (4%) including unused fragments

            0.4 Average locations per line
            13.0 Average locations per statement

RAM used:   12/368 (3%) at main() level
            20/368 (5%) worst case

Stack used: 0 worst case (0 in main + 0 for interrupts)
Stack size: 8

Lines Stmts  %   Files
----- ----- ---  -----
   48    24 100  hk2_18_19_cau3.c
  809     0   0  C:\Program Files (x86)\PICC\Devices\16f887.h
----- -----
  857    24 Total

Page ROM  %  RAM    Vol Diff  Functions:
---- --- --- ---    --- ----  ----------
0    137  44    1    542  5.5  main
0     21   7    3             @DIV88
0     58  19    2             @PRINTF_U_4800_62_63
0     91  29    9             @PRINTF_LU_4800_62_63
 Inline         0             @cinit1

Program metrics:
    Functions               1
    Statements              24
    Comments                137
    Volume (V)              552
    Difficulty (D)          5.0
    Effort to implement (E) 2784
    Time to implement (T)   3 minutes
    Est Delivered Bugs (B)  0
    Cyclomatic Complexity   5
    Maintainability (MI)    53

 Segment     Used  Free
-----------  ----  ----
00000-00003     4  0  
00004-007FF   307  1737  
00800-00FFF     0  2048  
01000-017FF     0  2048  
01800-01FFF     0  2048  



