
ROM used:   1452/8192 (18%)
            1452/8192 (18%) including unused fragments

            1.0 Average locations per line
            9.1 Average locations per statement

RAM used:   27/368 (7%) at main() level
            41/368 (11%) worst case

Stack used: 6 worst case (5 in main + 1 for interrupts)
Stack size: 8

Lines Stmts  %   Files
----- ----- ---  -----
  125    60  38  Giua_ki_lan2_pic.c
  809     0   0  C:\Program Files (x86)\PICC\Devices\16f887.h
  456   100  62  C:\Program Files (x86)\PICC\Drivers\lcd.c
----- -----
 1390   160 Total

Page ROM  %  RAM    Vol Diff  Functions:
---- --- --- ---    --- ----  ----------
0     20   1    1             @delay_ms1
 Inline         3    760  4.5  lcd_read_byte
0     49   3    2    262  3.7  lcd_read_nibble
0     44   3    1    399  2.4  lcd_send_nibble
0     92   6    3    415  3.7  lcd_send_byte
0     70   5    6    852  6.2  lcd_init
0     18   1    4    208  6.3  lcd_gotoxy
0     44   3    1    354  4.7  lcd_putc
0     27   2    0    173  4.9  ngat_uart
0    196  13    1    489  5.1  hienthi_lcd
0     21   1    3             @DIV88
0     53   4    2             @PRINTF_U_734
0      2   0    0             @const760
0     86   6    4             @PSTRINGC7_734
0      3   0    0             @const765
0      2   0    0             @const766
0      2   0    0             @const767
0      5   0    0             @const768
0     37   3    2             @MUL88
 Inline         5             @PSTRINGCN7_734
0      1   0    0   1213  7.4  @const774
0    310  21    2   1245  7.4  MAIN
0     31   2    2             @ITOF
0    204  14   14             @DIVFF
0     33   2    4             @SFTOI
0     21   1    5             @MUL1616
 Inline         0             @cinit1

Program metrics:
    Functions               11
    Statements              160
    Comments                252
    Volume (V)              9907
    Difficulty (D)          55.0
    Effort to implement (E) 545209
    Time to implement (T)   8 hours, 25 minutes
    Est Delivered Bugs (B)  2
    Cyclomatic Complexity   15
    Maintainability (MI)    137

 Segment     Used  Free
-----------  ----  ----
00000-00003     4  0  
00004-00050    77  0  
00051-007FF  1371  596  
00800-00FFF     0  2048  
01000-017FF     0  2048  
01800-01FFF     0  2048  



