
ROM used:   904/8192 (11%)
            904/8192 (11%) including unused fragments

            0.7 Average locations per line
            7.9 Average locations per statement

RAM used:   6/368 (2%) at main() level
            21/368 (6%) worst case

Stack used: 4 worst case (4 in main + 0 for interrupts)
Stack size: 8

Lines Stmts  %   Files
----- ----- ---  -----
   39    15  13  dethihk22021-2022.c
  809     0   0  C:\Program Files (x86)\PICC\Devices\16f887.h
  456   100  87  C:\Program Files (x86)\PICC\Drivers\lcd.c
----- -----
 1304   115 Total

Page ROM  %  RAM    Vol Diff  Functions:
---- --- --- ---    --- ----  ----------
0     20   2    1             @delay_ms1
 Inline         3    760  4.5  lcd_read_byte
0     49   5    2    262  3.7  lcd_read_nibble
0     44   5    1    399  2.4  lcd_send_nibble
0     92  10    3    415  3.7  lcd_send_byte
0     70   8    6    852  6.2  lcd_init
0     18   2    4    208  6.3  lcd_gotoxy
0     44   5    1    354  4.7  lcd_putc
0    125  14    0    369  3.5  MAIN
0     31   3    2             @ITOF
0    204  23   14             @DIVFF
0     33   4    4             @SFTOI
0      5   1    0             @const754
0     89  10    5             @PSTRINGCN7_731
0     21   2    3             @DIV88
0     55   6    2             @PRINTF_U_731
 Inline         0             @cinit1

Program metrics:
    Functions               8
    Statements              115
    Comments                238
    Volume (V)              5495
    Difficulty (D)          33.5
    Effort to implement (E) 184240
    Time to implement (T)   2 hours, 51 minutes
    Est Delivered Bugs (B)  1
    Cyclomatic Complexity   8
    Maintainability (MI)    135

 Segment     Used  Free
-----------  ----  ----
00000-00003     4  0  
00004-007FF   900  1144  
00800-00FFF     0  2048  
01000-017FF     0  2048  
01800-01FFF     0  2048  



