
ROM used:   1083/8192 (13%)
            1083/8192 (13%) including unused fragments

            0.8 Average locations per line
            8.0 Average locations per statement

RAM used:   12/368 (3%) at main() level
            26/368 (7%) worst case

Stack used: 5 worst case (5 in main + 0 for interrupts)
Stack size: 8

Lines Stmts  %   Files
----- ----- ---  -----
   74    35  26  adc_qn.c
  809     0   0  C:\Program Files (x86)\PICC\Devices\16f887.h
  456   100  74  C:\Program Files (x86)\PICC\Drivers\lcd.c
----- -----
 1339   135 Total

Page ROM  %  RAM    Vol Diff  Functions:
---- --- --- ---    --- ----  ----------
0     20   2    1             @delay_ms1
 Inline         3    760  4.5  lcd_read_byte
0     49   5    2    262  3.7  lcd_read_nibble
0     46   4    1    399  2.4  lcd_send_nibble
0     94   9    3    415  3.7  lcd_send_byte
0     70   6    6    852  6.2  lcd_init
0     18   2    4    208  6.3  lcd_gotoxy
0     44   4    1    354  4.7  lcd_putc
0    285  26    2   1071  5.7  MAIN
0     29   3    2             @ITOF
0    202  19   14             @DIVFF
0     31   3    4             @SFTOI
0      7   1    0             @const756
0     86   8    4             @PSTRINGC7_731
0      7   1    0             @const761
0      7   1    0             @const762
0      8   1    0             @const763
0     21   2    3             @DIV88
0     53   5    2             @PRINTF_U_731
0      1   0    0             @const771
0      1   0    0             @const773
 Inline         0             @cinit1

Program metrics:
    Functions               8
    Statements              135
    Comments                244
    Volume (V)              6463
    Difficulty (D)          35.1
    Effort to implement (E) 226903
    Time to implement (T)   3 hours, 30 minutes
    Est Delivered Bugs (B)  1
    Cyclomatic Complexity   11
    Maintainability (MI)    128

 Segment     Used  Free
-----------  ----  ----
00000-00003     4  0  
00004-007FF  1079  965  
00800-00FFF     0  2048  
01000-017FF     0  2048  
01800-01FFF     0  2048  



