
ROM used:   189/8192 (2%)
            189/8192 (2%) including unused fragments

            0.2 Average locations per line
            5.3 Average locations per statement

RAM used:   9/368 (2%) at main() level
            10/368 (3%) worst case

Stack used: 0 worst case (0 in main + 0 for interrupts)
Stack size: 8

Lines Stmts  %   Files
----- ----- ---  -----
   86    36 100  taoxung3type.c
  809     0   0  C:\Program Files (x86)\PICC\Devices\16f887.h
----- -----
  895    36 Total

Page ROM  %  RAM    Vol Diff  Functions:
---- --- --- ---    --- ----  ----------
0     22  12    1             @delay_ms1
0     17   9    1             @delay_us1
0    146  77    1    861  4.4  main
 Inline         0    399  2.4  @cinit1

Program metrics:
    Functions               2
    Statements              36
    Comments                158
    Volume (V)              1463
    Difficulty (D)          6.6
    Effort to implement (E) 9647
    Time to implement (T)   9 minutes
    Est Delivered Bugs (B)  0
    Cyclomatic Complexity   5
    Maintainability (MI)    136

 Segment     Used  Free
-----------  ----  ----
00000-00003     4  0  
00004-007FF   185  1859  
00800-00FFF     0  2048  
01000-017FF     0  2048  
01800-01FFF     0  2048  



