
ROM used:   77/8192 (1%)
            77/8192 (1%) including unused fragments

            0.1 Average locations per line
            5.9 Average locations per statement

RAM used:   8/368 (2%) at main() level
            8/368 (2%) worst case

Stack used: 0 worst case (0 in main + 0 for interrupts)
Stack size: 8

Lines Stmts  %   Files
----- ----- ---  -----
   36    13 100  hk1-19-20-vdk1.c
  809     0   0  C:\Program Files (x86)\PICC\Devices\16F887.H
----- -----
  845    13 Total

Page ROM  %  RAM    Vol Diff  Functions:
---- --- --- ---    --- ----  ----------
0     73  95    1    243  2.7  main
 Inline         0    396  3.7  @cinit1

Program metrics:
    Functions               2
    Statements              13
    Comments                137
    Volume (V)              761
    Difficulty (D)          6.5
    Effort to implement (E) 4932
    Time to implement (T)   5 minutes
    Est Delivered Bugs (B)  0
    Cyclomatic Complexity   6
    Maintainability (MI)    122

 Segment     Used  Free
-----------  ----  ----
00000-00003     4  0  
00004-007FF    73  1971  
00800-00FFF     0  2048  
01000-017FF     0  2048  
01800-01FFF     0  2048  



