
ROM used:   320/8192 (4%)
            320/8192 (4%) including unused fragments

            0.4 Average locations per line
            13.3 Average locations per statement

RAM used:   12/368 (3%) at main() level
            20/368 (5%) worst case

Stack used: 0 worst case (0 in main + 0 for interrupts)
Stack size: 8

Lines Stmts  %   Files
----- ----- ---  -----
   55    24 100  hk1-18-19-cau3.c
  809     0   0  C:\Program Files (x86)\PICC\Devices\16F887.H
----- -----
  864    24 Total

Page ROM  %  RAM    Vol Diff  Functions:
---- --- --- ---    --- ----  ----------
0    146  46    1    536  5.5  main
0     21   7    3             @DIV88
0     58  18    2             @PRINTF_U_4800_62_63
0     91  28    9             @PRINTF_LU_4800_62_63
 Inline         0             @cinit1

Program metrics:
    Functions               1
    Statements              24
    Comments                145
    Volume (V)              546
    Difficulty (D)          5.0
    Effort to implement (E) 2754
    Time to implement (T)   3 minutes
    Est Delivered Bugs (B)  0
    Cyclomatic Complexity   5
    Maintainability (MI)    76

 Segment     Used  Free
-----------  ----  ----
00000-00003     4  0  
00004-007FF   316  1728  
00800-00FFF     0  2048  
01000-017FF     0  2048  
01800-01FFF     0  2048  



