
ROM used:   979/8192 (12%)
            979/8192 (12%) including unused fragments

            0.7 Average locations per line
            7.3 Average locations per statement

RAM used:   13/368 (4%) at main() level
            27/368 (7%) worst case

Stack used: 5 worst case (5 in main + 0 for interrupts)
Stack size: 8

Lines Stmts  %   Files
----- ----- ---  -----
  102    50  37  hk2-17-18-cau2.c
  809     0   0  C:\Program Files (x86)\PICC\Devices\16F887.H
  456    84  63  C:\Program Files (x86)\PICC\Drivers\lcd.c
----- -----
 1367   134 Total

Page ROM  %  RAM    Vol Diff  Functions:
---- --- --- ---    --- ----  ----------
0     20   2    1             @delay_ms1
 Inline         3    596  5.9  lcd_read_byte
0      6   1    0     59  4.2  lcd_read_nibble
0     15   2    1    179  3.3  lcd_send_nibble
0     66   7    3    460  4.7  lcd_send_byte
0     62   6    6    814  7.2  lcd_init
0     18   2    4    208  6.3  lcd_gotoxy
0     44   4    1    354  4.7  lcd_putc
0    100  10    0    485  3.3  ht_lcd
0      2   0    0             @const752
0     86   9    4             @PSTRINGC7_733
0      2   0    0             @const757
0      2   0    0             @const758
0      2   0    0             @const759
0     21   2    3             @DIV88
0     53   5    2             @PRINTF_U_733
0    214  22    2    893  6.7  MAIN
0     29   3    2             @ITOF
0    202  21   14             @DIVFF
0     31   3    4             @SFTOI
 Inline         0             @cinit1

Program metrics:
    Functions               9
    Statements              134
    Comments                254
    Volume (V)              6201
    Difficulty (D)          43.3
    Effort to implement (E) 268331
    Time to implement (T)   4 hours, 8 minutes
    Est Delivered Bugs (B)  1
    Cyclomatic Complexity   15
    Maintainability (MI)    139

 Segment     Used  Free
-----------  ----  ----
00000-00003     4  0  
00004-007FF   975  1069  
00800-00FFF     0  2048  
01000-017FF     0  2048  
01800-01FFF     0  2048  



