CCS PCM C Compiler, Version 5.101, 43599               29-May-22 09:53

               Filename:   E:\HCMUTE\0 - VXL\0 - TEACHING\Off-HK2-21-22\day3\hk2-17-18-cau2.lst

               ROM used:   979 words (12%)
                           Largest free fragment is 2048
               RAM used:   13 (4%) at main() level
                           27 (7%) worst case
               Stack used: 5 locations
               Stack size: 8

*
0000:  MOVLW  02
0001:  MOVWF  0A
0002:  GOTO   2FD
0003:  NOP
.................... #INCLUDE <16F887.H>
.................... //////////// Standard Header file for the PIC16F887 device ////////////////
.................... ///////////////////////////////////////////////////////////////////////////
.................... ////        (C) Copyright 1996, 2020 Custom Computer Services          ////
.................... //// This source code may only be used by licensed users of the CCS C  ////
.................... //// compiler.  This source code may only be distributed to other      ////
.................... //// licensed users of the CCS C compiler.  No other use, reproduction ////
.................... //// or distribution is permitted without written permission.          ////
.................... //// Derivative programs created using this software in object code    ////
.................... //// form are not restricted in any way.                               ////
.................... ///////////////////////////////////////////////////////////////////////////
.................... #device PIC16F887
0004:  DATA 5B,24
0005:  DATA 5D,00
0006:  DATA 5B,26
0007:  DATA 5D,00
0008:  DATA 5B,24
0009:  DATA 5D,00
000A:  DATA 5B,26
000B:  DATA 5D,00
*
00B5:  MOVLW  8E
00B6:  MOVWF  77
00B7:  MOVF   29,W
00B8:  MOVWF  78
00B9:  MOVF   28,W
00BA:  MOVWF  79
00BB:  CLRF   7A
00BC:  MOVF   78,F
00BD:  BTFSS  03.2
00BE:  GOTO   0C9
00BF:  MOVF   79,W
00C0:  MOVWF  78
00C1:  CLRF   79
00C2:  MOVLW  08
00C3:  SUBWF  77,F
00C4:  MOVF   78,F
00C5:  BTFSS  03.2
00C6:  GOTO   0C9
00C7:  CLRF   77
00C8:  GOTO   0D1
00C9:  BCF    03.0
00CA:  BTFSC  78.7
00CB:  GOTO   0D0
00CC:  RLF    79,F
00CD:  RLF    78,F
00CE:  DECF   77,F
00CF:  GOTO   0C9
00D0:  BCF    78.7
00D1:  RETURN
00D2:  MOVF   28,W
00D3:  BTFSC  03.2
00D4:  GOTO   197
00D5:  MOVWF  34
00D6:  MOVF   2C,W
00D7:  BTFSC  03.2
00D8:  GOTO   197
00D9:  SUBWF  34,F
00DA:  BTFSS  03.0
00DB:  GOTO   0E1
00DC:  MOVLW  7F
00DD:  ADDWF  34,F
00DE:  BTFSC  03.0
00DF:  GOTO   197
00E0:  GOTO   0E7
00E1:  MOVLW  81
00E2:  SUBWF  34,F
00E3:  BTFSS  03.0
00E4:  GOTO   197
00E5:  BTFSC  03.2
00E6:  GOTO   197
00E7:  MOVF   34,W
00E8:  MOVWF  77
00E9:  CLRF   78
00EA:  CLRF   79
00EB:  CLRF   7A
00EC:  CLRF   33
00ED:  MOVF   29,W
00EE:  MOVWF  32
00EF:  BSF    32.7
00F0:  MOVF   2A,W
00F1:  MOVWF  31
00F2:  MOVF   2B,W
00F3:  MOVWF  30
00F4:  MOVLW  19
00F5:  MOVWF  34
00F6:  MOVF   2F,W
00F7:  SUBWF  30,F
00F8:  BTFSC  03.0
00F9:  GOTO   10A
00FA:  MOVLW  01
00FB:  SUBWF  31,F
00FC:  BTFSC  03.0
00FD:  GOTO   10A
00FE:  SUBWF  32,F
00FF:  BTFSC  03.0
0100:  GOTO   10A
0101:  SUBWF  33,F
0102:  BTFSC  03.0
0103:  GOTO   10A
0104:  INCF   33,F
0105:  INCF   32,F
0106:  INCF   31,F
0107:  MOVF   2F,W
0108:  ADDWF  30,F
0109:  GOTO   13C
010A:  MOVF   2E,W
010B:  SUBWF  31,F
010C:  BTFSC  03.0
010D:  GOTO   125
010E:  MOVLW  01
010F:  SUBWF  32,F
0110:  BTFSC  03.0
0111:  GOTO   125
0112:  SUBWF  33,F
0113:  BTFSC  03.0
0114:  GOTO   125
0115:  INCF   33,F
0116:  INCF   32,F
0117:  MOVF   2E,W
0118:  ADDWF  31,F
0119:  MOVF   2F,W
011A:  ADDWF  30,F
011B:  BTFSS  03.0
011C:  GOTO   13C
011D:  INCF   31,F
011E:  BTFSS  03.2
011F:  GOTO   13C
0120:  INCF   32,F
0121:  BTFSS  03.2
0122:  GOTO   13C
0123:  INCF   33,F
0124:  GOTO   13C
0125:  MOVF   2D,W
0126:  IORLW  80
0127:  SUBWF  32,F
0128:  BTFSC  03.0
0129:  GOTO   13B
012A:  MOVLW  01
012B:  SUBWF  33,F
012C:  BTFSC  03.0
012D:  GOTO   13B
012E:  INCF   33,F
012F:  MOVF   2D,W
0130:  IORLW  80
0131:  ADDWF  32,F
0132:  MOVF   2E,W
0133:  ADDWF  31,F
0134:  BTFSS  03.0
0135:  GOTO   119
0136:  INCF   32,F
0137:  BTFSS  03.2
0138:  GOTO   119
0139:  INCF   33,F
013A:  GOTO   119
013B:  BSF    7A.0
013C:  DECFSZ 34,F
013D:  GOTO   13F
013E:  GOTO   14A
013F:  BCF    03.0
0140:  RLF    30,F
0141:  RLF    31,F
0142:  RLF    32,F
0143:  RLF    33,F
0144:  BCF    03.0
0145:  RLF    7A,F
0146:  RLF    79,F
0147:  RLF    78,F
0148:  RLF    35,F
0149:  GOTO   0F6
014A:  BTFSS  35.0
014B:  GOTO   152
014C:  BCF    03.0
014D:  RRF    78,F
014E:  RRF    79,F
014F:  RRF    7A,F
0150:  RRF    35,F
0151:  GOTO   155
0152:  DECF   77,F
0153:  BTFSC  03.2
0154:  GOTO   197
0155:  BTFSC  35.7
0156:  GOTO   17E
0157:  BCF    03.0
0158:  RLF    30,F
0159:  RLF    31,F
015A:  RLF    32,F
015B:  RLF    33,F
015C:  MOVF   2F,W
015D:  SUBWF  30,F
015E:  BTFSC  03.0
015F:  GOTO   16A
0160:  MOVLW  01
0161:  SUBWF  31,F
0162:  BTFSC  03.0
0163:  GOTO   16A
0164:  SUBWF  32,F
0165:  BTFSC  03.0
0166:  GOTO   16A
0167:  SUBWF  33,F
0168:  BTFSS  03.0
0169:  GOTO   18D
016A:  MOVF   2E,W
016B:  SUBWF  31,F
016C:  BTFSC  03.0
016D:  GOTO   175
016E:  MOVLW  01
016F:  SUBWF  32,F
0170:  BTFSC  03.0
0171:  GOTO   175
0172:  SUBWF  33,F
0173:  BTFSS  03.0
0174:  GOTO   18D
0175:  MOVF   2D,W
0176:  IORLW  80
0177:  SUBWF  32,F
0178:  BTFSC  03.0
0179:  GOTO   17E
017A:  MOVLW  01
017B:  SUBWF  33,F
017C:  BTFSS  03.0
017D:  GOTO   18D
017E:  INCF   7A,F
017F:  BTFSS  03.2
0180:  GOTO   18D
0181:  INCF   79,F
0182:  BTFSS  03.2
0183:  GOTO   18D
0184:  INCF   78,F
0185:  BTFSS  03.2
0186:  GOTO   18D
0187:  INCF   77,F
0188:  BTFSC  03.2
0189:  GOTO   197
018A:  RRF    78,F
018B:  RRF    79,F
018C:  RRF    7A,F
018D:  MOVF   29,W
018E:  MOVWF  34
018F:  MOVF   2D,W
0190:  XORWF  34,F
0191:  BTFSS  34.7
0192:  GOTO   195
0193:  BSF    78.7
0194:  GOTO   19B
0195:  BCF    78.7
0196:  GOTO   19B
0197:  CLRF   77
0198:  CLRF   78
0199:  CLRF   79
019A:  CLRF   7A
019B:  RETURN
019C:  MOVLW  8E
019D:  MOVWF  77
019E:  MOVF   26,W
019F:  SUBWF  77,F
01A0:  MOVF   27,W
01A1:  MOVWF  79
01A2:  MOVF   28,W
01A3:  MOVWF  78
01A4:  BSF    79.7
01A5:  MOVF   77,F
01A6:  BTFSC  03.2
01A7:  GOTO   1B3
01A8:  BCF    03.0
01A9:  MOVF   79,F
01AA:  BTFSS  03.2
01AB:  GOTO   1AF
01AC:  MOVF   78,F
01AD:  BTFSC  03.2
01AE:  GOTO   1B3
01AF:  RRF    79,F
01B0:  RRF    78,F
01B1:  DECFSZ 77,F
01B2:  GOTO   1A8
01B3:  BTFSS  27.7
01B4:  GOTO   1BA
01B5:  COMF   78,F
01B6:  COMF   79,F
01B7:  INCF   78,F
01B8:  BTFSC  03.2
01B9:  INCF   79,F
01BA:  RETURN
*
01F9:  MOVF   0B,W
01FA:  MOVWF  26
01FB:  BCF    0B.7
01FC:  BSF    03.5
01FD:  BSF    03.6
01FE:  BSF    0C.7
01FF:  BSF    0C.0
0200:  NOP
0201:  NOP
0202:  BCF    03.5
0203:  BCF    03.6
0204:  BTFSC  26.7
0205:  BSF    0B.7
0206:  BSF    03.6
0207:  MOVF   0C,W
0208:  ANDLW  7F
0209:  BTFSC  03.2
020A:  GOTO   24D
020B:  BCF    03.6
020C:  MOVWF  26
020D:  BSF    03.6
020E:  MOVF   0D,W
020F:  BCF    03.6
0210:  MOVWF  27
0211:  BSF    03.6
0212:  MOVF   0F,W
0213:  BCF    03.6
0214:  MOVWF  28
0215:  MOVF   26,W
0216:  MOVWF  29
0217:  CALL   1CD
0218:  MOVF   27,W
0219:  BSF    03.6
021A:  MOVWF  0D
021B:  BCF    03.6
021C:  MOVF   28,W
021D:  BSF    03.6
021E:  MOVWF  0F
021F:  BCF    03.6
0220:  MOVF   0B,W
0221:  MOVWF  29
0222:  BCF    0B.7
0223:  BSF    03.5
0224:  BSF    03.6
0225:  BSF    0C.7
0226:  BSF    0C.0
0227:  NOP
0228:  NOP
0229:  BCF    03.5
022A:  BCF    03.6
022B:  BTFSC  29.7
022C:  BSF    0B.7
022D:  BSF    03.6
022E:  RLF    0C,W
022F:  RLF    0E,W
0230:  ANDLW  7F
0231:  BTFSC  03.2
0232:  GOTO   24D
0233:  BCF    03.6
0234:  MOVWF  26
0235:  BSF    03.6
0236:  MOVF   0D,W
0237:  BCF    03.6
0238:  MOVWF  27
0239:  BSF    03.6
023A:  MOVF   0F,W
023B:  BCF    03.6
023C:  MOVWF  28
023D:  MOVF   26,W
023E:  MOVWF  29
023F:  CALL   1CD
0240:  MOVF   27,W
0241:  BSF    03.6
0242:  MOVWF  0D
0243:  BCF    03.6
0244:  MOVF   28,W
0245:  BSF    03.6
0246:  MOVWF  0F
0247:  INCF   0D,F
0248:  BTFSC  03.2
0249:  INCF   0F,F
024A:  BCF    03.6
024B:  GOTO   1F9
024C:  BSF    03.6
024D:  BCF    03.6
024E:  RETURN
024F:  MOVF   29,W
0250:  CLRF   78
0251:  SUBWF  28,W
0252:  BTFSC  03.0
0253:  GOTO   257
0254:  MOVF   28,W
0255:  MOVWF  77
0256:  GOTO   263
0257:  CLRF   77
0258:  MOVLW  08
0259:  MOVWF  2A
025A:  RLF    28,F
025B:  RLF    77,F
025C:  MOVF   29,W
025D:  SUBWF  77,W
025E:  BTFSC  03.0
025F:  MOVWF  77
0260:  RLF    78,F
0261:  DECFSZ 2A,F
0262:  GOTO   25A
0263:  RETURN
0264:  MOVF   78,W
0265:  MOVF   26,W
0266:  MOVWF  28
0267:  MOVLW  64
0268:  MOVWF  29
0269:  CALL   24F
026A:  MOVF   77,W
026B:  MOVWF  26
026C:  MOVF   78,W
026D:  MOVLW  30
026E:  BTFSS  03.2
026F:  GOTO   277
0270:  BTFSS  27.1
0271:  GOTO   27E
0272:  BTFSC  27.3
0273:  GOTO   27E
0274:  BTFSC  27.4
0275:  MOVLW  20
0276:  GOTO   27A
0277:  BCF    27.3
0278:  BCF    27.4
0279:  BSF    27.0
027A:  ADDWF  78,F
027B:  MOVF   78,W
027C:  MOVWF  29
027D:  CALL   1CD
027E:  MOVF   26,W
027F:  MOVWF  28
0280:  MOVLW  0A
0281:  MOVWF  29
0282:  CALL   24F
0283:  MOVF   77,W
0284:  MOVWF  26
0285:  MOVF   78,W
0286:  MOVLW  30
0287:  BTFSS  03.2
0288:  GOTO   28F
0289:  BTFSC  27.3
028A:  GOTO   293
028B:  BTFSS  27.0
028C:  GOTO   293
028D:  BTFSC  27.4
028E:  MOVLW  20
028F:  ADDWF  78,F
0290:  MOVF   78,W
0291:  MOVWF  29
0292:  CALL   1CD
0293:  MOVLW  30
0294:  ADDWF  26,F
0295:  MOVF   26,W
0296:  MOVWF  29
0297:  CALL   1CD
0298:  RETURN
.................... 
.................... #list
.................... 
.................... #device adc=10
.................... #fuses hs
.................... #use delay(clock=20M)
*
000C:  MOVLW  2B
000D:  MOVWF  04
000E:  BCF    03.7
000F:  MOVF   00,W
0010:  BTFSC  03.2
0011:  GOTO   01F
0012:  MOVLW  06
0013:  MOVWF  78
0014:  CLRF   77
0015:  DECFSZ 77,F
0016:  GOTO   015
0017:  DECFSZ 78,F
0018:  GOTO   014
0019:  MOVLW  7B
001A:  MOVWF  77
001B:  DECFSZ 77,F
001C:  GOTO   01B
001D:  DECFSZ 00,F
001E:  GOTO   012
001F:  RETURN
.................... #include <lcd.c>   //#include <tv_lcd.c> 
.................... ///////////////////////////////////////////////////////////////////////////////
.................... ////                             LCD.C                                     ////
.................... ////                 Driver for common LCD modules                         ////
.................... ////                                                                       ////
.................... ////  lcd_init()   Must be called before any other function.               ////
.................... ////                                                                       ////
.................... ////  lcd_putc(c)  Will display c on the next position of the LCD.         ////
.................... ////                 \a  Set cursor position to upper left                 ////
.................... ////                 \f  Clear display, set cursor to upper left           ////
.................... ////                 \n  Go to start of second line                        ////
.................... ////                 \b  Move back one position                            ////
.................... ////              If LCD_EXTENDED_NEWLINE is defined, the \n character     ////
.................... ////              will erase all remanining characters on the current      ////
.................... ////              line, and move the cursor to the beginning of the next   ////
.................... ////              line.                                                    ////
.................... ////              If LCD_EXTENDED_NEWLINE is defined, the \r character     ////
.................... ////              will move the cursor to the start of the current         ////
.................... ////              line.                                                    ////
.................... ////                                                                       ////
.................... ////  lcd_gotoxy(x,y) Set write position on LCD (upper left is 1,1)        ////
.................... ////                                                                       ////
.................... ////  lcd_getc(x,y)   Returns character at position x,y on LCD             ////
.................... ////                                                                       ////
.................... ////  lcd_cursor_on(int1 on)   Turn the cursor on (on=TRUE) or off         ////
.................... ////              (on=FALSE).                                              ////
.................... ////                                                                       ////
.................... ////  lcd_set_cgram_char(w, *p)   Write a custom character to the CGRAM.   ////
.................... ////                                                                       ////
.................... ////                                                                       ////
.................... ////  CONFIGURATION                                                        ////
.................... ////  The LCD can be configured in one of two ways: a.) port access or     ////
.................... ////  b.) pin access.  Port access requires the entire 7 bit interface     ////
.................... ////  connected to one GPIO port, and the data bits (D4:D7 of the LCD)     ////
.................... ////  connected to sequential pins on the GPIO.  Pin access                ////
.................... ////  has no requirements, all 7 bits of the control interface can         ////
.................... ////  can be connected to any GPIO using several ports.                    ////
.................... ////                                                                       ////
.................... ////  To use port access, #define LCD_DATA_PORT to the SFR location of     ////
.................... ////  of the GPIO port that holds the interface, -AND- edit LCD_PIN_MAP    ////
.................... ////  of this file to configure the pin order.  If you are using a         ////
.................... ////  baseline PIC (PCB), then LCD_OUTPUT_MAP and LCD_INPUT_MAP also must  ////
.................... ////  be defined.                                                          ////
.................... ////                                                                       ////
.................... ////  Example of port access:                                              ////
.................... ////     #define LCD_DATA_PORT getenv("SFR:PORTD")                         ////
.................... ////                                                                       ////
.................... ////  To use pin access, the following pins must be defined:               ////
.................... ////     LCD_ENABLE_PIN                                                    ////
.................... ////     LCD_RS_PIN                                                        ////
.................... ////     LCD_RW_PIN                                                        ////
.................... ////     LCD_DATA4                                                         ////
.................... ////     LCD_DATA5                                                         ////
.................... ////     LCD_DATA6                                                         ////
.................... ////     LCD_DATA7                                                         ////
.................... ////                                                                       ////
.................... ////  Example of pin access:                                               ////
.................... ////     #define LCD_ENABLE_PIN  PIN_E0                                    ////
.................... ////     #define LCD_RS_PIN      PIN_E1                                    ////
.................... ////     #define LCD_RW_PIN      PIN_E2                                    ////
.................... ////     #define LCD_DATA4       PIN_D4                                    ////
.................... ////     #define LCD_DATA5       PIN_D5                                    ////
.................... ////     #define LCD_DATA6       PIN_D6                                    ////
.................... ////     #define LCD_DATA7       PIN_D7                                    ////
.................... ////                                                                       ////
.................... ///////////////////////////////////////////////////////////////////////////////
.................... ////        (C) Copyright 1996,2010 Custom Computer Services           ////
.................... //// This source code may only be used by licensed users of the CCS C  ////
.................... //// compiler.  This source code may only be distributed to other      ////
.................... //// licensed users of the CCS C compiler.  No other use, reproduction ////
.................... //// or distribution is permitted without written permission.          ////
.................... //// Derivative programs created using this software in object code    ////
.................... //// form are not restricted in any way.                               ////
.................... ///////////////////////////////////////////////////////////////////////////
.................... 
.................... #ifndef __LCD_C__
.................... #define __LCD_C__
.................... 
.................... // define the pinout.
.................... // only required if port access is being used.
.................... typedef struct  
.................... {                            // This structure is overlayed
....................    int1 enable;           // on to an I/O port to gain
....................    int1 rs;               // access to the LCD pins.
....................    int1 rw;               // The bits are allocated from
....................    int1 unused;           // low order up.  ENABLE will
....................    unsigned int     data : 4;         // be LSB pin of that port.
....................   #if defined(__PCD__)       // The port used will be LCD_DATA_PORT.
....................    unsigned int    reserved: 8;
....................   #endif
.................... } LCD_PIN_MAP;
.................... 
.................... // this is to improve compatability with previous LCD drivers that accepted
.................... // a define labeled 'use_portb_lcd' that configured the LCD onto port B.
.................... #if ((defined(use_portb_lcd)) && (use_portb_lcd==TRUE))
....................  #define LCD_DATA_PORT getenv("SFR:PORTB")
.................... #endif
.................... 
.................... #if defined(__PCB__)
....................    // these definitions only need to be modified for baseline PICs.
....................    // all other PICs use LCD_PIN_MAP or individual LCD_xxx pin definitions.
.................... /*                                    EN, RS,   RW,   UNUSED,  DATA  */
....................  const LCD_PIN_MAP LCD_OUTPUT_MAP =  {0,  0,    0,    0,       0};
....................  const LCD_PIN_MAP LCD_INPUT_MAP =   {0,  0,    0,    0,       0xF};
.................... #endif
.................... 
.................... ////////////////////// END CONFIGURATION ///////////////////////////////////
.................... 
.................... #ifndef LCD_ENABLE_PIN
....................    #define lcd_output_enable(x) lcdlat.enable=x
....................    #define lcd_enable_tris()   lcdtris.enable=0
.................... #else
....................    #define lcd_output_enable(x) output_bit(LCD_ENABLE_PIN, x)
....................    #define lcd_enable_tris()  output_drive(LCD_ENABLE_PIN)
.................... #endif
.................... 
.................... #ifndef LCD_RS_PIN
....................    #define lcd_output_rs(x) lcdlat.rs=x
....................    #define lcd_rs_tris()   lcdtris.rs=0
.................... #else
....................    #define lcd_output_rs(x) output_bit(LCD_RS_PIN, x)
....................    #define lcd_rs_tris()  output_drive(LCD_RS_PIN)
.................... #endif
.................... 
.................... #ifndef LCD_RW_PIN
....................    #define lcd_output_rw(x) lcdlat.rw=x
....................    #define lcd_rw_tris()   lcdtris.rw=0
.................... #else
....................    #define lcd_output_rw(x) output_bit(LCD_RW_PIN, x)
....................    #define lcd_rw_tris()  output_drive(LCD_RW_PIN)
.................... #endif
.................... 
.................... // original version of this library incorrectly labeled LCD_DATA0 as LCD_DATA4,
.................... // LCD_DATA1 as LCD_DATA5, and so on.  this block of code makes the driver
.................... // compatible with any code written for the original library
.................... #if (defined(LCD_DATA0) && defined(LCD_DATA1) && defined(LCD_DATA2) && defined(LCD_DATA3) && !defined(LCD_DATA4) && !defined(LCD_DATA5) && !defined(LCD_DATA6) && !defined(LCD_DATA7))
....................    #define  LCD_DATA4    LCD_DATA0
....................    #define  LCD_DATA5    LCD_DATA1
....................    #define  LCD_DATA6    LCD_DATA2
....................    #define  LCD_DATA7    LCD_DATA3
.................... #endif
.................... 
.................... #ifndef LCD_DATA4
.................... #ifndef LCD_DATA_PORT
....................    #if defined(__PCB__)
....................       #define LCD_DATA_PORT      0x06     //portb
....................       #define set_tris_lcd(x)   set_tris_b(x)
....................    #else
....................      #if defined(PIN_D0)
....................       #define LCD_DATA_PORT      getenv("SFR:PORTD")     //portd
....................      #else
....................       #define LCD_DATA_PORT      getenv("SFR:PORTB")     //portb
....................      #endif
....................    #endif   
.................... #endif
.................... 
.................... #if defined(__PCB__)
....................    LCD_PIN_MAP lcd, lcdlat;
....................    #byte lcd = LCD_DATA_PORT
....................    #byte lcdlat = LCD_DATA_PORT
.................... #elif defined(__PCM__)
....................    LCD_PIN_MAP lcd, lcdlat, lcdtris;
....................    #byte lcd = LCD_DATA_PORT
....................    #byte lcdlat = LCD_DATA_PORT
....................    #byte lcdtris = LCD_DATA_PORT+0x80
.................... #elif defined(__PCH__)
....................    LCD_PIN_MAP lcd, lcdlat, lcdtris;
....................    #byte lcd = LCD_DATA_PORT
....................    #byte lcdlat = LCD_DATA_PORT+9
....................    #byte lcdtris = LCD_DATA_PORT+0x12
.................... #elif defined(__PCD__)
....................    LCD_PIN_MAP lcd, lcdlat, lcdtris;
....................    #word lcd = LCD_DATA_PORT
....................    #word lcdlat = LCD_DATA_PORT+2
....................    #word lcdtris = LCD_DATA_PORT-0x02
.................... #endif
.................... #endif   //LCD_DATA4 not defined
.................... 
.................... #ifndef LCD_TYPE
....................    #define LCD_TYPE 2           // 0=5x7, 1=5x10, 2=2 lines
.................... #endif
.................... 
.................... #ifndef LCD_LINE_TWO
....................    #define LCD_LINE_TWO 0x40    // LCD RAM address for the second line
.................... #endif
.................... 
.................... #ifndef LCD_LINE_LENGTH
....................    #define LCD_LINE_LENGTH 20
.................... #endif
.................... 
.................... unsigned int8 lcd_read_nibble(void);
.................... 
.................... unsigned int8 lcd_read_byte(void)
.................... {
....................    unsigned int8 low,high;
.................... 
....................  #if defined(__PCB__)
....................    set_tris_lcd(LCD_INPUT_MAP);
....................  #else
....................   #if (defined(LCD_DATA4) && defined(LCD_DATA5) && defined(LCD_DATA6) && defined(LCD_DATA7))
....................    output_float(LCD_DATA4);
....................    output_float(LCD_DATA5);
....................    output_float(LCD_DATA6);
....................    output_float(LCD_DATA7);
....................   #else
....................    lcdtris.data = 0xF;
*
003B:  MOVLW  0F
003C:  BSF    03.5
003D:  ANDWF  08,W
003E:  IORLW  F0
003F:  MOVWF  08
....................   #endif
....................  #endif
....................         
....................    lcd_output_rw(1);
0040:  BCF    03.5
0041:  BSF    08.2
....................    delay_cycles(1);
0042:  NOP
....................    lcd_output_enable(1);
0043:  BSF    08.0
....................    delay_cycles(1);
0044:  NOP
....................    high = lcd_read_nibble();
0045:  CALL   02F
0046:  MOVF   78,W
0047:  MOVWF  31
....................       
....................    lcd_output_enable(0);
0048:  BCF    08.0
....................    delay_cycles(1);
0049:  NOP
....................    lcd_output_enable(1);
004A:  BSF    08.0
....................    delay_us(1);
004B:  GOTO   04C
004C:  GOTO   04D
004D:  NOP
....................    low = lcd_read_nibble();
004E:  CALL   02F
004F:  MOVF   78,W
0050:  MOVWF  30
....................       
....................    lcd_output_enable(0);
0051:  BCF    08.0
.................... 
....................  #if defined(__PCB__)
....................    set_tris_lcd(LCD_OUTPUT_MAP);
....................  #else
....................   #if (defined(LCD_DATA4) && defined(LCD_DATA5) && defined(LCD_DATA6) && defined(LCD_DATA7))
....................    output_drive(LCD_DATA4);
....................    output_drive(LCD_DATA5);
....................    output_drive(LCD_DATA6);
....................    output_drive(LCD_DATA7);
....................   #else
....................    lcdtris.data = 0x0;
0052:  MOVLW  0F
0053:  BSF    03.5
0054:  ANDWF  08,W
0055:  MOVWF  08
....................   #endif
....................  #endif
.................... 
....................    return( (high<<4) | low);
0056:  BCF    03.5
0057:  SWAPF  31,W
0058:  MOVWF  77
0059:  MOVLW  F0
005A:  ANDWF  77,F
005B:  MOVF   77,W
005C:  IORWF  30,W
005D:  MOVWF  78
.................... }
.................... 
.................... unsigned int8 lcd_read_nibble(void)
.................... {
....................   #if (defined(LCD_DATA4) && defined(LCD_DATA5) && defined(LCD_DATA6) && defined(LCD_DATA7))
....................    unsigned int8 n = 0x00;
.................... 
....................    /* Read the data port */
....................    n |= input(LCD_DATA4);
....................    n |= input(LCD_DATA5) << 1;
....................    n |= input(LCD_DATA6) << 2;
....................    n |= input(LCD_DATA7) << 3;
....................    
....................    return(n);
....................   #else
....................    return(lcd.data);
*
002F:  MOVF   08,W
0030:  MOVWF  77
0031:  SWAPF  08,W
0032:  ANDLW  0F
0033:  MOVWF  78
....................   #endif
0034:  RETURN
.................... }
.................... 
.................... void lcd_send_nibble(unsigned int8 n)
.................... {
....................   #if (defined(LCD_DATA4) && defined(LCD_DATA5) && defined(LCD_DATA6) && defined(LCD_DATA7))
....................    /* Write to the data port */
....................    output_bit(LCD_DATA4, bit_test(n, 0));
....................    output_bit(LCD_DATA5, bit_test(n, 1));
....................    output_bit(LCD_DATA6, bit_test(n, 2));
....................    output_bit(LCD_DATA7, bit_test(n, 3));
....................   #else      
....................    lcdlat.data = n;
*
0020:  SWAPF  31,W
0021:  ANDLW  F0
0022:  MOVWF  77
0023:  MOVLW  0F
0024:  ANDWF  08,W
0025:  IORWF  77,W
0026:  MOVWF  08
....................   #endif
....................       
....................    delay_cycles(1);
0027:  NOP
....................    lcd_output_enable(1);
0028:  BSF    08.0
....................    delay_us(2);
0029:  MOVLW  03
002A:  MOVWF  77
002B:  DECFSZ 77,F
002C:  GOTO   02B
....................    lcd_output_enable(0);
002D:  BCF    08.0
002E:  RETURN
.................... }
.................... 
.................... void lcd_send_byte(unsigned int8 address, unsigned int8 n)
.................... {
....................   #if defined(__PCB__)
....................    set_tris_lcd(LCD_OUTPUT_MAP);
....................   #else
....................    lcd_enable_tris();
*
0035:  BSF    03.5
0036:  BCF    08.0
....................    lcd_rs_tris();
0037:  BCF    08.1
....................    lcd_rw_tris();
0038:  BCF    08.2
....................   #endif
.................... 
....................    lcd_output_rs(0);
0039:  BCF    03.5
003A:  BCF    08.1
....................    while ( bit_test(lcd_read_byte(),7) ) ;
*
005E:  MOVF   78,W
005F:  MOVWF  30
0060:  BTFSC  30.7
0061:  GOTO   03B
....................    lcd_output_rs(address);
0062:  BTFSS  2E.0
0063:  BCF    08.1
0064:  BTFSC  2E.0
0065:  BSF    08.1
....................    delay_cycles(1);
0066:  NOP
....................    lcd_output_rw(0);
0067:  BCF    08.2
....................    delay_cycles(1);
0068:  NOP
....................    lcd_output_enable(0);
0069:  BCF    08.0
....................    lcd_send_nibble(n >> 4);
006A:  SWAPF  2F,W
006B:  MOVWF  30
006C:  MOVLW  0F
006D:  ANDWF  30,F
006E:  MOVF   30,W
006F:  MOVWF  31
0070:  CALL   020
....................    lcd_send_nibble(n & 0xf);
0071:  MOVF   2F,W
0072:  ANDLW  0F
0073:  MOVWF  30
0074:  MOVWF  31
0075:  CALL   020
0076:  RETURN
.................... }
.................... 
.................... #if defined(LCD_EXTENDED_NEWLINE)
.................... unsigned int8 g_LcdX, g_LcdY;
.................... #endif
.................... 
.................... void lcd_init(void) 
.................... {
....................    unsigned int8 i;
....................    unsigned int8 LCD_INIT_STRING[4] = {0x20 | (LCD_TYPE << 2), 0xc, 1, 6};
0077:  MOVLW  28
0078:  MOVWF  27
0079:  MOVLW  0C
007A:  MOVWF  28
007B:  MOVLW  01
007C:  MOVWF  29
007D:  MOVLW  06
007E:  MOVWF  2A
....................                              // These bytes need to be sent to the LCD
....................                              // to start it up.
....................    
.................... 
....................    lcd_output_enable(0);
007F:  BCF    08.0
....................    lcd_output_rs(0);
0080:  BCF    08.1
....................    lcd_output_rw(0);
0081:  BCF    08.2
.................... 
....................  #if defined(__PCB__)
....................    set_tris_lcd(LCD_OUTPUT_MAP);
....................  #else
....................   #if (defined(LCD_DATA4) && defined(LCD_DATA5) && defined(LCD_DATA6) && defined(LCD_DATA7))
....................    output_drive(LCD_DATA4);
....................    output_drive(LCD_DATA5);
....................    output_drive(LCD_DATA6);
....................    output_drive(LCD_DATA7);
....................   #else
....................    lcdtris.data = 0x0;
0082:  MOVLW  0F
0083:  BSF    03.5
0084:  ANDWF  08,W
0085:  MOVWF  08
....................   #endif
....................    lcd_enable_tris();
0086:  BCF    08.0
....................    lcd_rs_tris();
0087:  BCF    08.1
....................    lcd_rw_tris();
0088:  BCF    08.2
....................  #endif
....................     
....................    delay_ms(15);
0089:  MOVLW  0F
008A:  BCF    03.5
008B:  MOVWF  2B
008C:  CALL   00C
....................    for(i=1;i<=3;++i)
008D:  MOVLW  01
008E:  MOVWF  26
008F:  MOVF   26,W
0090:  SUBLW  03
0091:  BTFSS  03.0
0092:  GOTO   09B
....................    {
....................        lcd_send_nibble(3);
0093:  MOVLW  03
0094:  MOVWF  31
0095:  CALL   020
....................        delay_ms(5);
0096:  MOVLW  05
0097:  MOVWF  2B
0098:  CALL   00C
0099:  INCF   26,F
009A:  GOTO   08F
....................    }
....................    
....................    lcd_send_nibble(2);
009B:  MOVLW  02
009C:  MOVWF  31
009D:  CALL   020
....................    delay_ms(5);
009E:  MOVLW  05
009F:  MOVWF  2B
00A0:  CALL   00C
....................    for(i=0;i<=3;++i)
00A1:  CLRF   26
00A2:  MOVF   26,W
00A3:  SUBLW  03
00A4:  BTFSS  03.0
00A5:  GOTO   0B2
....................       lcd_send_byte(0,LCD_INIT_STRING[i]);
00A6:  MOVLW  27
00A7:  ADDWF  26,W
00A8:  MOVWF  04
00A9:  BCF    03.7
00AA:  MOVF   00,W
00AB:  MOVWF  2B
00AC:  CLRF   2E
00AD:  MOVF   2B,W
00AE:  MOVWF  2F
00AF:  CALL   035
.................... 
....................   #if defined(LCD_EXTENDED_NEWLINE)
00B0:  INCF   26,F
00B1:  GOTO   0A2
00B2:  BCF    0A.3
00B3:  BCF    0A.4
00B4:  GOTO   321 (RETURN)
....................    g_LcdX = 0;
....................    g_LcdY = 0;
....................   #endif
.................... }
.................... 
.................... void lcd_gotoxy(unsigned int8 x, unsigned int8 y)
.................... {
....................    unsigned int8 address;
....................    
....................    if(y!=1)
*
01BB:  DECFSZ 2B,W
01BC:  GOTO   1BE
01BD:  GOTO   1C1
....................       address=LCD_LINE_TWO;
01BE:  MOVLW  40
01BF:  MOVWF  2C
01C0:  GOTO   1C2
....................    else
....................       address=0;
01C1:  CLRF   2C
....................      
....................    address+=x-1;
01C2:  MOVLW  01
01C3:  SUBWF  2A,W
01C4:  ADDWF  2C,F
....................    lcd_send_byte(0,0x80|address);
01C5:  MOVF   2C,W
01C6:  IORLW  80
01C7:  MOVWF  2D
01C8:  CLRF   2E
01C9:  MOVF   2D,W
01CA:  MOVWF  2F
01CB:  CALL   035
.................... 
....................   #if defined(LCD_EXTENDED_NEWLINE)
01CC:  RETURN
....................    g_LcdX = x - 1;
....................    g_LcdY = y - 1;
....................   #endif
.................... }
.................... 
.................... void lcd_putc(char c)
.................... {
....................    switch (c)
01CD:  MOVF   29,W
01CE:  XORLW  07
01CF:  BTFSC  03.2
01D0:  GOTO   1DB
01D1:  XORLW  0B
01D2:  BTFSC  03.2
01D3:  GOTO   1E0
01D4:  XORLW  06
01D5:  BTFSC  03.2
01D6:  GOTO   1E8
01D7:  XORLW  02
01D8:  BTFSC  03.2
01D9:  GOTO   1EE
01DA:  GOTO   1F3
....................    {
....................       case '\a'   :  lcd_gotoxy(1,1);     break;
01DB:  MOVLW  01
01DC:  MOVWF  2A
01DD:  MOVWF  2B
01DE:  CALL   1BB
01DF:  GOTO   1F8
.................... 
....................       case '\f'   :  lcd_send_byte(0,1);
01E0:  CLRF   2E
01E1:  MOVLW  01
01E2:  MOVWF  2F
01E3:  CALL   035
....................                      delay_ms(2);
01E4:  MOVLW  02
01E5:  MOVWF  2B
01E6:  CALL   00C
....................                     #if defined(LCD_EXTENDED_NEWLINE)
....................                      g_LcdX = 0;
....................                      g_LcdY = 0;
....................                     #endif
....................                      break;
01E7:  GOTO   1F8
.................... 
....................      #if defined(LCD_EXTENDED_NEWLINE)
....................       case '\r'   :  lcd_gotoxy(1, g_LcdY+1);   break;
....................       case '\n'   :
....................          while (g_LcdX++ < LCD_LINE_LENGTH)
....................          {
....................             lcd_send_byte(1, ' ');
....................          }
....................          lcd_gotoxy(1, g_LcdY+2);
....................          break;
....................      #else
....................       case '\n'   : lcd_gotoxy(1,2);        break;
01E8:  MOVLW  01
01E9:  MOVWF  2A
01EA:  MOVLW  02
01EB:  MOVWF  2B
01EC:  CALL   1BB
01ED:  GOTO   1F8
....................      #endif
....................      
....................       case '\b'   : lcd_send_byte(0,0x10);  break;
01EE:  CLRF   2E
01EF:  MOVLW  10
01F0:  MOVWF  2F
01F1:  CALL   035
01F2:  GOTO   1F8
....................      
....................      #if defined(LCD_EXTENDED_NEWLINE)
....................       default     : 
....................          if (g_LcdX < LCD_LINE_LENGTH)
....................          {
....................             lcd_send_byte(1, c);
....................             g_LcdX++;
....................          }
....................          break;
....................      #else
....................       default     : lcd_send_byte(1,c);     break;
01F3:  MOVLW  01
01F4:  MOVWF  2E
01F5:  MOVF   29,W
01F6:  MOVWF  2F
01F7:  CALL   035
....................      #endif
....................    }
01F8:  RETURN
.................... }
....................  
.................... char lcd_getc(unsigned int8 x, unsigned int8 y)
.................... {
....................    char value;
.................... 
....................    lcd_gotoxy(x,y);
....................    while ( bit_test(lcd_read_byte(),7) ); // wait until busy flag is low
....................    lcd_output_rs(1);
....................    value = lcd_read_byte();
....................    lcd_output_rs(0);
....................    
....................    return(value);
.................... }
.................... 
.................... // write a custom character to the ram
.................... // which is 0-7 and specifies which character array we are modifying.
.................... // ptr points to an array of 8 bytes, where each byte is the next row of
.................... //    pixels.  only bits 0-4 are used.  the last row is the cursor row, and
.................... //    usually you will want to leave this byte 0x00.
.................... void lcd_set_cgram_char(unsigned int8 which, unsigned int8 *ptr)
.................... {
....................    unsigned int i;
.................... 
....................    which <<= 3;
....................    which &= 0x38;
.................... 
....................    lcd_send_byte(0, 0x40 | which);  //set cgram address
.................... 
....................    for(i=0; i<8; i++)
....................    {
....................       lcd_send_byte(1, *ptr++);
....................    }
....................   
....................    #if defined(LCD_EXTENDED_NEWLINE)
....................     lcd_gotoxy(g_LcdX+1, g_LcdY+1);  //set ddram address
....................    #endif
.................... }
.................... 
.................... void lcd_cursor_on(int1 on)
.................... {
....................    if (on)
....................    {
....................       lcd_send_byte(0,0x0F);           //turn LCD cursor ON
....................    }
....................    else
....................    {
....................       lcd_send_byte(0,0x0C);           //turn LCD cursor OFF
....................    }
.................... }
.................... 
.................... #endif
.................... 
.................... //!#define LCD_ENABLE_PIN  PIN_D2                                    ////
.................... //!#define LCD_RS_PIN      PIN_D0                                    ////
.................... //!#define LCD_RW_PIN      PIN_D1                                    ////
.................... //!#define LCD_DATA4       PIN_D4                                    ////
.................... //!#define LCD_DATA5       PIN_D5                                    ////
.................... //!#define LCD_DATA6       PIN_D6                                    ////
.................... //!#define LCD_DATA7       PIN_D7 
.................... 
.................... 
.................... #bit TMR1IF =0x0c.0
.................... 
.................... #define LED    pin_e2
.................... 
.................... unsigned int8 nd1, nd2;
.................... int1 led_status=0;  //0-off, 1-on
.................... unsigned int8 count=0;
.................... int1 update_temp=0;
.................... 
.................... void ht_lcd()
.................... {
....................    lcd_gotoxy(14,1);
*
0299:  MOVLW  0E
029A:  MOVWF  2A
029B:  MOVLW  01
029C:  MOVWF  2B
029D:  CALL   1BB
....................    //lcd_command(0x80+14);
....................    if(nd1>100) lcd_putc("[H]"); //lcd_data("[H]")
029E:  MOVF   20,W
029F:  SUBLW  64
02A0:  BTFSC  03.0
02A1:  GOTO   2AA
02A2:  MOVLW  04
02A3:  BSF    03.6
02A4:  MOVWF  0D
02A5:  MOVLW  00
02A6:  MOVWF  0F
02A7:  BCF    03.6
02A8:  CALL   1F9
02A9:  GOTO   2B1
....................    else        lcd_putc("[L]");
02AA:  MOVLW  06
02AB:  BSF    03.6
02AC:  MOVWF  0D
02AD:  MOVLW  00
02AE:  MOVWF  0F
02AF:  BCF    03.6
02B0:  CALL   1F9
.................... 
....................    lcd_gotoxy(14,2);
02B1:  MOVLW  0E
02B2:  MOVWF  2A
02B3:  MOVLW  02
02B4:  MOVWF  2B
02B5:  CALL   1BB
....................    if(nd2>100) lcd_putc("[H]");
02B6:  MOVF   21,W
02B7:  SUBLW  64
02B8:  BTFSC  03.0
02B9:  GOTO   2C2
02BA:  MOVLW  08
02BB:  BSF    03.6
02BC:  MOVWF  0D
02BD:  MOVLW  00
02BE:  MOVWF  0F
02BF:  BCF    03.6
02C0:  CALL   1F9
02C1:  GOTO   2C9
....................    else        lcd_putc("[L]");
02C2:  MOVLW  0A
02C3:  BSF    03.6
02C4:  MOVWF  0D
02C5:  MOVLW  00
02C6:  MOVWF  0F
02C7:  BCF    03.6
02C8:  CALL   1F9
....................    
....................    lcd_gotoxy(1,1);
02C9:  MOVLW  01
02CA:  MOVWF  2A
02CB:  MOVWF  2B
02CC:  CALL   1BB
....................    printf(lcd_putc,"Tx=%02u",nd1); //printf(lcd_data,"Tx=%02u",nd1);
02CD:  MOVLW  54
02CE:  MOVWF  29
02CF:  CALL   1CD
02D0:  MOVLW  78
02D1:  MOVWF  29
02D2:  CALL   1CD
02D3:  MOVLW  3D
02D4:  MOVWF  29
02D5:  CALL   1CD
02D6:  MOVF   20,W
02D7:  MOVWF  26
02D8:  MOVLW  01
02D9:  MOVWF  27
02DA:  CALL   264
....................    lcd_putc(223); lcd_putc('C');
02DB:  MOVLW  DF
02DC:  MOVWF  29
02DD:  CALL   1CD
02DE:  MOVLW  43
02DF:  MOVWF  29
02E0:  CALL   1CD
....................    
....................    lcd_gotoxy(1,2);
02E1:  MOVLW  01
02E2:  MOVWF  2A
02E3:  MOVLW  02
02E4:  MOVWF  2B
02E5:  CALL   1BB
....................    printf(lcd_putc,"Ty=%02u",nd2);
02E6:  MOVLW  54
02E7:  MOVWF  29
02E8:  CALL   1CD
02E9:  MOVLW  79
02EA:  MOVWF  29
02EB:  CALL   1CD
02EC:  MOVLW  3D
02ED:  MOVWF  29
02EE:  CALL   1CD
02EF:  MOVF   21,W
02F0:  MOVWF  26
02F1:  MOVLW  01
02F2:  MOVWF  27
02F3:  CALL   264
....................    lcd_putc(223); lcd_putc('C');
02F4:  MOVLW  DF
02F5:  MOVWF  29
02F6:  CALL   1CD
02F7:  MOVLW  43
02F8:  MOVWF  29
02F9:  CALL   1CD
02FA:  BCF    0A.3
02FB:  BCF    0A.4
02FC:  GOTO   3D1 (RETURN)
.................... }
.................... 
.................... 
.................... void main()
02FD:  MOVF   03,W
02FE:  ANDLW  1F
02FF:  MOVWF  03
0300:  BCF    22.0
0301:  CLRF   23
0302:  BCF    22.1
0303:  CLRF   25
0304:  CLRF   24
0305:  BSF    03.5
0306:  BSF    03.6
0307:  MOVF   09,W
0308:  ANDLW  C0
0309:  MOVWF  09
030A:  BCF    03.6
030B:  BCF    1F.4
030C:  BCF    1F.5
030D:  MOVLW  00
030E:  BSF    03.6
030F:  MOVWF  08
0310:  BCF    03.5
0311:  CLRF   07
0312:  CLRF   08
0313:  CLRF   09
0314:  BCF    03.7
.................... {
....................    set_tris_a(0xff);
0315:  MOVLW  FF
0316:  BSF    03.5
0317:  BCF    03.6
0318:  MOVWF  05
....................    set_tris_e(0x03); //0b0000.0011 
0319:  BSF    09.0
031A:  BSF    09.1
031B:  BCF    09.2
031C:  BCF    09.3
....................    set_tris_d(0x00);
031D:  MOVLW  00
031E:  MOVWF  08
....................    
....................    lcd_init();
031F:  BCF    03.5
0320:  GOTO   077
....................    setup_adc(adc_clock_div_32);
0321:  BCF    1F.6
0322:  BSF    1F.7
0323:  BSF    03.5
0324:  BSF    1F.7
0325:  BCF    03.5
0326:  BSF    1F.0
....................    setup_adc_ports(SAN5|SAN6|VSS_VDD);
0327:  BSF    03.5
0328:  BSF    03.6
0329:  MOVF   09,W
032A:  ANDLW  C0
032B:  MOVWF  09
032C:  BCF    03.6
032D:  BCF    1F.4
032E:  BCF    1F.5
032F:  MOVLW  60
0330:  BSF    03.6
0331:  MOVWF  08
....................    
....................    setup_timer_1(t1_internal| t1_div_by_8);
0332:  MOVLW  35
0333:  BCF    03.5
0334:  BCF    03.6
0335:  MOVWF  10
....................    set_timer1(3036);
0336:  CLRF   0E
0337:  MOVLW  0B
0338:  MOVWF  0F
0339:  MOVLW  DC
033A:  MOVWF  0E
033B:  NOP
....................    
....................    output_low(LED);
033C:  BSF    03.5
033D:  BCF    09.2
033E:  BCF    03.5
033F:  BCF    09.2
....................    while(true)
....................    {
....................       if(TMR1IF==1) //Tràn 
0340:  BTFSS  0C.0
0341:  GOTO   352
....................       {
....................          //da du 100ms
....................          set_timer1(3036); count++; TMR1IF=0;
0342:  CLRF   0E
0343:  MOVLW  0B
0344:  MOVWF  0F
0345:  MOVLW  DC
0346:  MOVWF  0E
0347:  NOP
0348:  INCF   23,F
0349:  BCF    0C.0
....................          if(count==5)
034A:  MOVF   23,W
034B:  SUBLW  05
034C:  BTFSS  03.2
034D:  GOTO   351
....................          {   
....................             //du 500ms
....................             led_status=!led_status;
034E:  MOVLW  01
034F:  XORWF  22,F
....................             count=0;
0350:  CLRF   23
....................          }   
....................          //Cap nhat gia tri nhiet do khi du 100ms
....................          update_temp = 1;        
0351:  BSF    22.1
....................       }
....................       
....................       if(update_temp==1)
0352:  BTFSS  22.1
0353:  GOTO   3BD
....................       {
....................          set_adc_channel(5);
0354:  MOVLW  14
0355:  MOVWF  78
0356:  MOVF   1F,W
0357:  ANDLW  C3
0358:  IORWF  78,W
0359:  MOVWF  1F
....................          nd1=read_adc()/2.046;
035A:  BSF    1F.1
035B:  BTFSC  1F.1
035C:  GOTO   35B
035D:  MOVF   1E,W
035E:  MOVWF  79
035F:  BSF    03.5
0360:  MOVF   1E,W
0361:  MOVWF  78
0362:  MOVF   79,W
0363:  BCF    03.5
0364:  MOVWF  27
0365:  MOVF   78,W
0366:  MOVWF  26
0367:  MOVF   27,W
0368:  MOVWF  29
0369:  MOVF   78,W
036A:  MOVWF  28
036B:  CALL   0B5
036C:  MOVF   7A,W
036D:  MOVWF  2B
036E:  MOVF   79,W
036F:  MOVWF  2A
0370:  MOVF   78,W
0371:  MOVWF  29
0372:  MOVF   77,W
0373:  MOVWF  28
0374:  MOVLW  AA
0375:  MOVWF  2F
0376:  MOVLW  F1
0377:  MOVWF  2E
0378:  MOVLW  02
0379:  MOVWF  2D
037A:  MOVLW  80
037B:  MOVWF  2C
037C:  CALL   0D2
037D:  MOVF   7A,W
037E:  MOVWF  29
037F:  MOVF   79,W
0380:  MOVWF  28
0381:  MOVF   78,W
0382:  MOVWF  27
0383:  MOVF   77,W
0384:  MOVWF  26
0385:  CALL   19C
0386:  MOVF   78,W
0387:  MOVWF  20
....................          set_adc_channel(6);
0388:  MOVLW  18
0389:  MOVWF  78
038A:  MOVF   1F,W
038B:  ANDLW  C3
038C:  IORWF  78,W
038D:  MOVWF  1F
....................          nd2=read_adc()/2.046;
038E:  BSF    1F.1
038F:  BTFSC  1F.1
0390:  GOTO   38F
0391:  MOVF   1E,W
0392:  MOVWF  79
0393:  BSF    03.5
0394:  MOVF   1E,W
0395:  MOVWF  78
0396:  MOVF   79,W
0397:  BCF    03.5
0398:  MOVWF  27
0399:  MOVF   78,W
039A:  MOVWF  26
039B:  MOVF   27,W
039C:  MOVWF  29
039D:  MOVF   78,W
039E:  MOVWF  28
039F:  CALL   0B5
03A0:  MOVF   7A,W
03A1:  MOVWF  2B
03A2:  MOVF   79,W
03A3:  MOVWF  2A
03A4:  MOVF   78,W
03A5:  MOVWF  29
03A6:  MOVF   77,W
03A7:  MOVWF  28
03A8:  MOVLW  AA
03A9:  MOVWF  2F
03AA:  MOVLW  F1
03AB:  MOVWF  2E
03AC:  MOVLW  02
03AD:  MOVWF  2D
03AE:  MOVLW  80
03AF:  MOVWF  2C
03B0:  CALL   0D2
03B1:  MOVF   7A,W
03B2:  MOVWF  29
03B3:  MOVF   79,W
03B4:  MOVWF  28
03B5:  MOVF   78,W
03B6:  MOVWF  27
03B7:  MOVF   77,W
03B8:  MOVWF  26
03B9:  CALL   19C
03BA:  MOVF   78,W
03BB:  MOVWF  21
....................          //Tra bien cao nhat nhiet do ve 0 cho 100ms tiep theo
....................          update_temp=0;
03BC:  BCF    22.1
....................       }
....................       
....................       //Nhap nhay led
....................       if(nd1>100 || nd2>100)
03BD:  MOVF   20,W
03BE:  SUBLW  64
03BF:  BTFSS  03.0
03C0:  GOTO   3C5
03C1:  MOVF   21,W
03C2:  SUBLW  64
03C3:  BTFSC  03.0
03C4:  GOTO   3D0
....................       {
....................          if(led_status==0) output_low(LED);
03C5:  BTFSC  22.0
03C6:  GOTO   3CC
03C7:  BSF    03.5
03C8:  BCF    09.2
03C9:  BCF    03.5
03CA:  BCF    09.2
03CB:  GOTO   3D0
....................          else              output_high(LED);    
03CC:  BSF    03.5
03CD:  BCF    09.2
03CE:  BCF    03.5
03CF:  BSF    09.2
....................       }
....................       
....................       //hien thi LCD
....................       ht_lcd();
03D0:  GOTO   299
03D1:  GOTO   340
....................       
....................       
....................       
....................    }
.................... }
.................... 
03D2:  SLEEP
.................... 
.................... 

Configuration Fuses:
   Word  1: 2FE2   HS NOWDT PUT MCLR NOPROTECT NOCPD BROWNOUT IESO FCMEN NOLVP NODEBUG
   Word  2: 3FFF   BORV40 NOWRT
