
ROM used:   300/8192 (4%)
            300/8192 (4%) including unused fragments

            0.3 Average locations per line
            9.1 Average locations per statement

RAM used:   20/368 (5%) at main() level
            25/368 (7%) worst case

Stack used: 1 worst case (0 in main + 1 for interrupts)
Stack size: 8

Lines Stmts  %   Files
----- ----- ---  -----
   70    33 100  hk2_21_22_uc2.c
  809     0   0  C:\Program Files (x86)\PICC\Devices\16f887.h
----- -----
  879    33 Total

Page ROM  %  RAM    Vol Diff  Functions:
---- --- --- ---    --- ----  ----------
0     38  13    0    270  5.0  ngat_nhan
0    151  50    2    598  5.2  MAIN
0     39  13    2    724  5.7  @MUL88
0     23   8    5             @MUL1616
 Inline         0             @cinit1

Program metrics:
    Functions               3
    Statements              33
    Comments                140
    Volume (V)              2014
    Difficulty (D)          15.9
    Effort to implement (E) 31915
    Time to implement (T)   30 minutes
    Est Delivered Bugs (B)  0
    Cyclomatic Complexity   9
    Maintainability (MI)    52

 Segment     Used  Free
-----------  ----  ----
00000-00003     4  0  
00004-00030    45  0  
00031-007FF   251  1748  
00800-00FFF     0  2048  
01000-017FF     0  2048  
01800-01FFF     0  2048  



